rm -f *.o *.pb.cc *.pb.h test
g++ -std=c++11 `pkg-config --cflags protobuf grpc`  -c -o main.o main.cpp
g++ -std=c++11 `pkg-config --cflags protobuf grpc`  -c -o DistSSE.Util.o DistSSE.Util.cc
g++ -std=c++11 `pkg-config --cflags protobuf grpc`  -c -o logger.o logger.cc
g++ main.o DistSSE.Util.o logger.o -L/usr/local/lib `pkg-config --libs protobuf grpc++ grpc` -Wl,--no-as-needed -lgrpc++_reflection -Wl,--as-needed -ldl -lcryptopp -o test

===result===
m: 20000
times of decryption & encryption: 1998355
hello
>> time of decryption & encryption: 9194.92 ms
number of elements to be walked through: 141
target of binary search is: 18321
>> time of search & walk throgh: 0.001 ms
m: 40000
times of decryption & encryption: 4558454
hello
>> time of decryption & encryption: 20933 ms
number of elements to be walked through: 200
target of binary search is: 37486
>> time of search & walk throgh: 0.002 ms
m: 60000
times of decryption & encryption: 7357932
hello
>> time of decryption & encryption: 33924.1 ms
number of elements to be walked through: 244
target of binary search is: 41761
>> time of search & walk throgh: 0.001 ms
m: 80000
times of decryption & encryption: 10319339
hello
>> time of decryption & encryption: 47437.2 ms
number of elements to be walked through: 282
target of binary search is: 54241
>> time of search & walk throgh: 0.001 ms
m: 100000
times of decryption & encryption: 13404234
hello
>> time of decryption & encryption: 61463 ms
number of elements to be walked through: 316
target of binary search is: 81053
>> time of search & walk throgh: 0.002 ms
